<?xml version="1.0" encoding="UTF-8"?>
<testsuite xmlns:xsi="http://www.w3.org/2001/XMLSchema-instance" xsi:noNamespaceSchemaLocation="https://maven.apache.org/surefire/maven-surefire-plugin/xsd/surefire-test-report-3.0.xsd" version="3.0" name="com.metasoft.restyle.RestyleApplicationTests" time="8.633" tests="1" errors="0" skipped="0" failures="0">
  <properties>
[...]
</properties>
  <testcase name="contextLoads" classname="com.metasoft.restyle.RestyleApplicationTests" time="0.549">
    <system-out><![CDATA[01:35:36.487 [main] INFO org.springframework.test.context.support.AnnotationConfigContextLoaderUtils -- Could not detect default configuration classes for test class [com.metasoft.restyle.RestyleApplicationTests]: RestyleApplicationTests does not declare any static, non-private, non-final, nested classes annotated with @Configuration.
01:35:36.654 [main] INFO org.springframework.boot.test.context.SpringBootTestContextBootstrapper -- Found @SpringBootConfiguration com.metasoft.restyle.RestyleApplication for test class com.metasoft.restyle.RestyleApplicationTests
01:35:36.886 [main] INFO org.springframework.boot.devtools.restart.RestartApplicationListener -- Restart disabled due to context in which it is running

  .   ____          _            __ _ _
 /\\ / ___'_ __ _ _(_)_ __  __ _ \ \ \ \
( ( )\___ | '_ | '_| | '_ \/ _` | \ \ \ \
 \\/  ___)| |_)| | | | | || (_| |  ) ) ) )
  '  |____| .__|_| |_|_| |_\__, | / / / /
 =========|_|==============|___/=/_/_/_/
 :: Spring Boot ::                (v3.2.5)

2025-11-13T01:35:37.275-05:00  INFO 19240 --- [restyle-platform] [           main] c.m.restyle.RestyleApplicationTests      : Starting RestyleApplicationTests using Java 22.0.1 with PID 19240 (started by Luciano in C:\Users\lucia\Downloads\backend-main)
2025-11-13T01:35:37.276-05:00  INFO 19240 --- [restyle-platform] [           main] c.m.restyle.RestyleApplicationTests      : No active profile set, falling back to 1 default profile: "default"
2025-11-13T01:35:38.682-05:00  INFO 19240 --- [restyle-platform] [           main] .s.d.r.c.RepositoryConfigurationDelegate : Bootstrapping Spring Data JPA repositories in DEFAULT mode.
2025-11-13T01:35:38.879-05:00  INFO 19240 --- [restyle-platform] [           main] .s.d.r.c.RepositoryConfigurationDelegate : Finished Spring Data repository scanning in 184 ms. Found 9 JPA repository interfaces.
2025-11-13T01:35:39.604-05:00  INFO 19240 --- [restyle-platform] [           main] o.hibernate.jpa.internal.util.LogHelper  : HHH000204: Processing PersistenceUnitInfo [name: default]
2025-11-13T01:35:39.708-05:00  INFO 19240 --- [restyle-platform] [           main] org.hibernate.Version                    : HHH000412: Hibernate ORM core version 6.4.4.Final
2025-11-13T01:35:39.757-05:00  INFO 19240 --- [restyle-platform] [           main] o.h.c.internal.RegionFactoryInitiator    : HHH000026: Second-level cache disabled
2025-11-13T01:35:40.088-05:00  INFO 19240 --- [restyle-platform] [           main] o.s.o.j.p.SpringPersistenceUnitInfo      : No LoadTimeWeaver setup: ignoring JPA class transformer
2025-11-13T01:35:40.132-05:00  INFO 19240 --- [restyle-platform] [           main] com.zaxxer.hikari.HikariDataSource       : HikariPool-1 - Starting...
2025-11-13T01:35:40.422-05:00  INFO 19240 --- [restyle-platform] [           main] com.zaxxer.hikari.pool.HikariPool        : HikariPool-1 - Added connection org.postgresql.jdbc.PgConnection@717a8a76
2025-11-13T01:35:40.424-05:00  INFO 19240 --- [restyle-platform] [           main] com.zaxxer.hikari.HikariDataSource       : HikariPool-1 - Start completed.
2025-11-13T01:35:40.481-05:00  WARN 19240 --- [restyle-platform] [           main] org.hibernate.orm.deprecation            : HHH90000025: PostgreSQLDialect does not need to be specified explicitly using 'hibernate.dialect' (remove the property setting and it will be selected by default)
2025-11-13T01:35:41.909-05:00  INFO 19240 --- [restyle-platform] [           main] o.h.e.t.j.p.i.JtaPlatformInitiator       : HHH000489: No JTA platform available (set 'hibernate.transaction.jta.platform' to enable JTA platform integration)
Hibernate: create table businesses (id bigserial not null, address varchar(255) not null, city varchar(255) not null, description varchar(255) not null, expertise varchar(255) not null, image varchar(255), name varchar(255) not null, remodeler_id integer not null, primary key (id))
Hibernate: create table contractors (id bigserial not null, created_at timestamp(6) not null, updated_at timestamp(6) not null, description varchar(255), phone varchar(255), user_id bigint, primary key (id))
Hibernate: create table profiles (id bigserial not null, created_at timestamp(6) not null, updated_at timestamp(6) not null, address varchar(255), first_name varchar(255), maternal_last_name varchar(255), paternal_last_name varchar(255), password varchar(255), type varchar(255), primary key (id))
Hibernate: create table projects (id bigserial not null, business_id integer not null, contractor_id integer not null, description varchar(500) not null, finish_date timestamp(6) not null, image varchar(500) not null, name varchar(255) not null, start_date timestamp(6) not null, primary key (id))
Hibernate: create table project_requests (id bigserial not null, address varchar(255) not null, budget integer not null, business_id integer not null, city varchar(255) not null, contractor_id integer not null, deadline_date timestamp(6) not null, email varchar(255) not null, name varchar(255) not null, phone varchar(255) not null, rooms integer not null, summary varchar(255) not null, surname varchar(255) not null, primary key (id))
Hibernate: create table remodelers (id bigserial not null, created_at timestamp(6) not null, updated_at timestamp(6) not null, description varchar(255), phone varchar(255), subscription varchar(255), user_id bigint, primary key (id))
Hibernate: create table reviews (id bigserial not null, comment varchar(255), contractor_id integer, duration varchar(255), image varchar(255), project_id integer, rating integer, primary key (id))
Hibernate: create table roles (id bigserial not null, name varchar(20) check (name in ('ROLE_ADMIN','ROLE_REMODELER','ROLE_CONTRACTOR')), primary key (id))
Hibernate: create table users (id bigserial not null, created_at timestamp(6) not null, updated_at timestamp(6) not null, description varchar(255), email varchar(255), first_name varchar(255), image varchar(255), maternal_surname varchar(255), password varchar(120), paternal_surname varchar(255), phone varchar(255), username varchar(50), primary key (id))
Hibernate: create table user_roles (user_id bigint not null, role_id bigint not null, primary key (user_id, role_id))
Hibernate: alter table if exists contractors drop constraint if exists UK_71a6puh2uxvw5yp95v1s7x4lg
2025-11-13T01:35:42.070-05:00  WARN 19240 --- [restyle-platform] [           main] o.h.engine.jdbc.spi.SqlExceptionHelper   : SQL Warning Code: 0, SQLState: 00000
2025-11-13T01:35:42.071-05:00  WARN 19240 --- [restyle-platform] [           main] o.h.engine.jdbc.spi.SqlExceptionHelper   : no existe la restricción «uk_71a6puh2uxvw5yp95v1s7x4lg» en la relación «contractors», omitiendo
Hibernate: alter table if exists contractors add constraint UK_71a6puh2uxvw5yp95v1s7x4lg unique (user_id)
Hibernate: alter table if exists remodelers drop constraint if exists UK_enws74shtxk2d8ryobnf3ldv3
2025-11-13T01:35:42.073-05:00  WARN 19240 --- [restyle-platform] [           main] o.h.engine.jdbc.spi.SqlExceptionHelper   : SQL Warning Code: 0, SQLState: 00000
2025-11-13T01:35:42.074-05:00  WARN 19240 --- [restyle-platform] [           main] o.h.engine.jdbc.spi.SqlExceptionHelper   : no existe la restricción «uk_enws74shtxk2d8ryobnf3ldv3» en la relación «remodelers», omitiendo
Hibernate: alter table if exists remodelers add constraint UK_enws74shtxk2d8ryobnf3ldv3 unique (user_id)
Hibernate: alter table if exists users drop constraint if exists UK_r43af9ap4edm43mmtq01oddj6
2025-11-13T01:35:42.077-05:00  WARN 19240 --- [restyle-platform] [           main] o.h.engine.jdbc.spi.SqlExceptionHelper   : SQL Warning Code: 0, SQLState: 00000
2025-11-13T01:35:42.077-05:00  WARN 19240 --- [restyle-platform] [           main] o.h.engine.jdbc.spi.SqlExceptionHelper   : no existe la restricción «uk_r43af9ap4edm43mmtq01oddj6» en la relación «users», omitiendo
Hibernate: alter table if exists users add constraint UK_r43af9ap4edm43mmtq01oddj6 unique (username)
Hibernate: alter table if exists contractors add constraint FKp6fxctbr3yuxg4441wg7g3ylm foreign key (user_id) references profiles
Hibernate: alter table if exists remodelers add constraint FKamalak4s22rpst5rxs7nmik5y foreign key (user_id) references profiles
Hibernate: alter table if exists user_roles add constraint FKh8ciramu9cc9q3qcqiv4ue8a6 foreign key (role_id) references roles
Hibernate: alter table if exists user_roles add constraint FKhfh9dx7w3ubf1co1vdev94g3f foreign key (user_id) references users
2025-11-13T01:35:42.097-05:00  INFO 19240 --- [restyle-platform] [           main] j.LocalContainerEntityManagerFactoryBean : Initialized JPA EntityManagerFactory for persistence unit 'default'
2025-11-13T01:35:43.511-05:00  INFO 19240 --- [restyle-platform] [           main] o.s.s.web.DefaultSecurityFilterChain     : Will secure any request with [org.springframework.security.web.session.DisableEncodeUrlFilter@373c367, org.springframework.security.web.context.request.async.WebAsyncManagerIntegrationFilter@79690a0a, org.springframework.security.web.context.SecurityContextHolderFilter@3fb54673, org.springframework.security.web.header.HeaderWriterFilter@7b06dce0, org.springframework.web.filter.CorsFilter@619944a7, org.springframework.security.web.authentication.logout.LogoutFilter@1eff74f2, com.metasoft.restyle.platform.iam.infrastructure.authorization.sfs.pipeline.BearerAuthorizationRequestFilter@5b9c74a, org.springframework.security.web.savedrequest.RequestCacheAwareFilter@8c54f48, org.springframework.security.web.servletapi.SecurityContextHolderAwareRequestFilter@119f02d2, org.springframework.security.web.authentication.AnonymousAuthenticationFilter@294aaa6, org.springframework.security.web.session.SessionManagementFilter@56d4481f, org.springframework.security.web.access.ExceptionTranslationFilter@445adbd7, org.springframework.security.web.access.intercept.AuthorizationFilter@3129792a]
2025-11-13T01:35:44.077-05:00  INFO 19240 --- [restyle-platform] [           main] c.m.restyle.RestyleApplicationTests      : Started RestyleApplicationTests in 7.208 seconds (process running for 8.438)
2025-11-13T01:35:44.081-05:00  INFO 19240 --- [restyle-platform] [           main] r.p.p.a.i.e.ApplicationReadyEventHandler : Starting to verify if roles seeding is needed for restyle-platform at 2025-11-13 01:35:44.081
Hibernate: select r1_0.id from roles r1_0 where r1_0.name=? fetch first ? rows only
Hibernate: insert into roles (name) values (?)
Hibernate: select r1_0.id from roles r1_0 where r1_0.name=? fetch first ? rows only
Hibernate: insert into roles (name) values (?)
Hibernate: select r1_0.id from roles r1_0 where r1_0.name=? fetch first ? rows only
Hibernate: insert into roles (name) values (?)
2025-11-13T01:35:44.322-05:00  INFO 19240 --- [restyle-platform] [           main] r.p.p.a.i.e.ApplicationReadyEventHandler : Roles seeding verification finished for restyle-platform at 2025-11-13 01:35:44.322
]]></system-out>
    <system-err><![CDATA[WARNING: A Java agent has been loaded dynamically (C:\Users\lucia\.m2\repository\net\bytebuddy\byte-buddy-agent\1.14.13\byte-buddy-agent-1.14.13.jar)
WARNING: If a serviceability tool is in use, please run with -XX:+EnableDynamicAgentLoading to hide this warning
WARNING: If a serviceability tool is not in use, please run with -Djdk.instrument.traceUsage for more information
WARNING: Dynamic loading of agents will be disallowed by default in a future release
]]></system-err>
  </testcase>
</testsuite>